<?xml version="1.0" encoding="UTF-8"?>
<!-- Generated by org.testng.reporters.JUnitReportReporter -->
<testsuite skipped="0" hostname="Sunil-PC" name="com.libr.qa.tests.LoginPageTest" tests="3" failures="0" timestamp="13 May 2019 15:36:56 GMT" time="101.377" errors="0">
  <testcase name="LoginPageTitleTest" time="27.836" classname="com.libr.qa.tests.LoginPageTest"/>
  <testcase name="LoginPageLogoTest" time="28.997" classname="com.libr.qa.tests.LoginPageTest"/>
  <testcase name="loginTest" time="44.544" classname="com.libr.qa.tests.LoginPageTest"/>
</testsuite> <!-- com.libr.qa.tests.LoginPageTest -->
