<?xml version="1.0" encoding="UTF-8"?>
<!-- Generated by org.testng.reporters.JUnitReportReporter -->
<testsuite skipped="0" hostname="Sunil-PC" name="com.libr.qa.tests.ResourcesMachinesPageTest" tests="1" failures="0" timestamp="12 May 2019 06:48:58 GMT" time="47.762" errors="0">
  <testcase name="verifyReourcesWorkerTitle" time="47.762" classname="com.libr.qa.tests.ResourcesMachinesPageTest"/>
</testsuite> <!-- com.libr.qa.tests.ResourcesMachinesPageTest -->
