<?xml version="1.0" encoding="UTF-8"?>
<!-- Generated by org.testng.reporters.JUnitReportReporter -->
<testsuite skipped="2" hostname="Sunil-PC" name="com.libr.qa.tests.HomePageTest" tests="3" failures="0" timestamp="11 May 2019 10:06:15 GMT" time="55.146" errors="0">
  <testcase name="resouceWorkerPageTest" time="55.146" classname="com.libr.qa.tests.HomePageTest"/>
  <testcase name="homePageTitleTest" classname="com.libr.qa.tests.HomePageTest">
    <skipped/>
  </testcase> <!-- homePageTitleTest -->
  <testcase name="validateHomePageAfterLogin" classname="com.libr.qa.tests.HomePageTest">
    <skipped/>
  </testcase> <!-- validateHomePageAfterLogin -->
</testsuite> <!-- com.libr.qa.tests.HomePageTest -->
